<?xml version="1.0"?>
<!-- Copyright (c) 2011 Evolveum                             -->
<!--                                                         -->
<!-- The contents of this file are subject to the terms      -->
<!-- of the Common Development and Distribution License      -->
<!-- (the License). You may not use this file except in      -->
<!-- compliance with the License.                            -->
<!--                                                         -->
<!-- You can obtain a copy of the License at                 -->
<!-- http://www.opensource.org/licenses/cddl1 or             -->
<!-- CDDLv1.0.txt file in the source code distribution.      -->
<!-- See the License for the specific language governing     -->
<!-- permission and limitations under the License.           -->
<!--                                                         -->
<!-- If applicable, add the following below the CDDL Header, -->
<!-- with the fields enclosed by brackets [] replaced by     -->
<!-- your own identifying information:                       -->
<!--                                                         -->
<!-- Portions Copyrighted 2011 [name of copyright owner]     -->
<!-- Portions Copyrighted 2011 Peter Prochazka               -->
<!--                                                         -->
<configuration>
	<midpoint>
        <global>
            <extensionDir>./src/test/resources/schema</extensionDir>
        </global>
<!--         <repository> -->
<!--         <repositoryServiceFactoryClass>com.evolveum.midpoint.repo.sql.SqlRepositoryFactory</repositoryServiceFactoryClass> -->
<!--         <embedded>true</embedded> -->
<!--         <asServer>false</asServer> -->
<!--         <baseDir>.</baseDir> -->
<!--         </repository> -->
		<repository>
			<repositoryServiceFactoryClass>com.evolveum.midpoint.repo.xml.XmlRepositoryServiceFactory</repositoryServiceFactoryClass>
			<runServer>true</runServer>
			<embedded>true</embedded> 
			<shutdown>true</shutdown>
			<dropDatabase>true</dropDatabase>
			<debug>true</debug>
			<initialDataPath></initialDataPath> 
			<databaseName>midPoint-test</databaseName> 
			<serverPath>target/basex-data</serverPath>
			<host>localhost</host>
			<port>19840</port>
			<eventPort>19850</eventPort>
			<username>admin</username>
			<password>admin</password>
		</repository>
		<icf>
			<scanClasspath>true</scanClasspath>
			<scanDirectory>/C:/tmp</scanDirectory>
			<scanDirectory>/var/tmp</scanDirectory>
		</icf>
		<keystore>
			<keyStorePath>test-keystore.jceks</keyStorePath>
			<keyStorePassword>changeit</keyStorePassword>
			<encryptionKeyAlias>default</encryptionKeyAlias>
		</keystore>
	</midpoint>
</configuration>